<?xml version="1.0" encoding="UTF-8"?>
<!-- Generated by org.testng.reporters.JUnitReportReporter -->
<testsuite skipped="0" hostname="WKWIN2901948" name="com.facebookApps.tests.TC_LoginTest_001" tests="1" failures="0" timestamp="03 Jul 2020 07:43:03 GMT" time="5.998" errors="0">
  <testcase name="LoginTest" time="5.998" classname="com.facebookApps.tests.TC_LoginTest_001"/>
</testsuite> <!-- com.facebookApps.tests.TC_LoginTest_001 -->
